<?xml version="1.0" encoding="UTF-8"?>
<!-- Generated by org.testng.reporters.JUnitReportReporter -->
<testsuite hostname="LAPTOP-SH035CQ2" name="com.qa.base.TestBase" tests="1" failures="0" timestamp="16 Dec 2018 09:33:03 GMT" time="15.226" errors="0">
  <testcase name="printuserdir" time="15.226" classname="com.qa.base.TestBase"/>
</testsuite> <!-- com.qa.base.TestBase -->
