<?xml version="1.0" encoding="UTF-8"?>
<!-- Generated by org.testng.reporters.JUnitReportReporter -->
<testsuite hostname="LAPTOP-SH035CQ2" name="com.qa.tests.LoginPageTest" tests="1" failures="0" timestamp="16 Dec 2018 11:05:18 GMT" time="22.460" errors="0">
  <testcase name="loginTest" time="22.460" classname="com.qa.tests.LoginPageTest"/>
</testsuite> <!-- com.qa.tests.LoginPageTest -->
